This file contains any messages produced by compilers while
running configure, to aid debugging if configure makes a mistake.

It was created by INF8601-LAB2 configure 2.1.2, which was
generated by GNU Autoconf 2.69.  Invocation command line was

  $ ./configure 

## --------- ##
## Platform. ##
## --------- ##

hostname = l4712-17.info.polymtl.ca
uname -m = x86_64
uname -r = 3.15.8-200.fc20.x86_64
uname -s = Linux
uname -v = #1 SMP Fri Aug 1 00:38:50 UTC 2014

/usr/bin/uname -p = x86_64
/bin/uname -X     = unknown

/bin/arch              = x86_64
/usr/bin/arch -k       = unknown
/usr/convex/getsysinfo = unknown
/usr/bin/hostinfo      = unknown
/bin/machine           = unknown
/usr/bin/oslevel       = unknown
/bin/universe          = unknown

PATH: /usr/lib64/qt-3.3/bin
PATH: /usr/lib64/mpich/bin
PATH: /usr/local/bin
PATH: /usr/bin
PATH: /bin
PATH: /usr/games
PATH: /usr/local/sbin
PATH: /usr/sbin
PATH: /usr/local/cuda/bin
PATH: /opt/MATLAB/R2014a/bin
PATH: /opt/pycharm-3.4.1/bin
PATH: /usr/local/Protege_4.1
PATH: /usr/local/pmccabe/usr/bin
PATH: /usr/local/CPNTools/bin
PATH: /usr/local/openclcc/bin
PATH: /usr/local/cours/inf1995/bin
PATH: /usr/local/cours/inf6802/bin
PATH: /usr/local/cours/JohnMullins/bin
PATH: /usr/local/cours/LOG4420/bin
PATH: /usr/local/cours/INF2610/workload-kit-0.1.16/bin
PATH: /usr/local/cours/INF2610/lttv/bin
PATH: /usr/local/cours/INF2610/traceviewer
PATH: /usr/local/cours/INF6101/minizinc-1.6/bin
PATH: /usr/local/cours/INF6603/CPAchecker-1.3.4-unix/scripts
PATH: /usr/local/cours/INF6603/llbmc-2013.1-Linux_64/bin


## ----------- ##
## Core tests. ##
## ----------- ##

configure:2385: checking for a BSD-compatible install
configure:2453: result: /usr/bin/install -c
configure:2464: checking whether build environment is sane
configure:2514: result: yes
configure:2655: checking for a thread-safe mkdir -p
configure:2694: result: /usr/bin/mkdir -p
configure:2707: checking for gawk
configure:2723: found /usr/bin/gawk
configure:2734: result: gawk
configure:2745: checking whether make sets $(MAKE)
configure:2767: result: yes
configure:2863: checking for style of include used by make
configure:2891: result: GNU
configure:2962: checking for gcc
configure:2978: found /usr/bin/gcc
configure:2989: result: gcc
configure:3218: checking for C compiler version
configure:3227: gcc --version >&5
gcc (GCC) 4.8.3 20140624 (Red Hat 4.8.3-1)
Copyright (C) 2013 Free Software Foundation, Inc.
This is free software; see the source for copying conditions.  There is NO
warranty; not even for MERCHANTABILITY or FITNESS FOR A PARTICULAR PURPOSE.

configure:3238: $? = 0
configure:3227: gcc -v >&5
Using built-in specs.
COLLECT_GCC=gcc
COLLECT_LTO_WRAPPER=/usr/libexec/gcc/x86_64-redhat-linux/4.8.3/lto-wrapper
Target: x86_64-redhat-linux
Configured with: ../configure --prefix=/usr --mandir=/usr/share/man --infodir=/usr/share/info --with-bugurl=http://bugzilla.redhat.com/bugzilla --enable-bootstrap --enable-shared --enable-threads=posix --enable-checking=release --with-system-zlib --enable-__cxa_atexit --disable-libunwind-exceptions --enable-gnu-unique-object --enable-linker-build-id --with-linker-hash-style=gnu --enable-languages=c,c++,objc,obj-c++,java,fortran,ada,go,lto --enable-plugin --enable-initfini-array --enable-java-awt=gtk --disable-dssi --with-java-home=/usr/lib/jvm/java-1.5.0-gcj-1.5.0.0/jre --enable-libgcj-multifile --enable-java-maintainer-mode --with-ecj-jar=/usr/share/java/eclipse-ecj.jar --disable-libjava-multilib --with-isl=/builddir/build/BUILD/gcc-4.8.3-20140624/obj-x86_64-redhat-linux/isl-install --with-cloog=/builddir/build/BUILD/gcc-4.8.3-20140624/obj-x86_64-redhat-linux/cloog-install --with-tune=generic --with-arch_32=i686 --build=x86_64-redhat-linux
Thread model: posix
gcc version 4.8.3 20140624 (Red Hat 4.8.3-1) (GCC) 
configure:3238: $? = 0
configure:3227: gcc -V >&5
gcc: error: unrecognized command line option '-V'
gcc: fatal error: no input files
compilation terminated.
configure:3238: $? = 4
configure:3227: gcc -qversion >&5
gcc: error: unrecognized command line option '-qversion'
gcc: fatal error: no input files
compilation terminated.
configure:3238: $? = 4
configure:3258: checking whether the C compiler works
configure:3280: gcc    conftest.c  >&5
configure:3284: $? = 0
configure:3332: result: yes
configure:3335: checking for C compiler default output file name
configure:3337: result: a.out
configure:3343: checking for suffix of executables
configure:3350: gcc -o conftest    conftest.c  >&5
configure:3354: $? = 0
configure:3376: result: 
configure:3398: checking whether we are cross compiling
configure:3406: gcc -o conftest    conftest.c  >&5
configure:3410: $? = 0
configure:3417: ./conftest
configure:3421: $? = 0
configure:3436: result: no
configure:3441: checking for suffix of object files
configure:3463: gcc -c   conftest.c >&5
configure:3467: $? = 0
configure:3488: result: o
configure:3492: checking whether we are using the GNU C compiler
configure:3511: gcc -c   conftest.c >&5
configure:3511: $? = 0
configure:3520: result: yes
configure:3529: checking whether gcc accepts -g
configure:3549: gcc -c -g  conftest.c >&5
configure:3549: $? = 0
configure:3590: result: yes
configure:3607: checking for gcc option to accept ISO C89
configure:3670: gcc  -c -g -O2  conftest.c >&5
configure:3670: $? = 0
configure:3683: result: none needed
configure:3705: checking dependency style of gcc
configure:3816: result: gcc3
configure:3837: checking how to run the C preprocessor
configure:3868: gcc -E  conftest.c
configure:3868: $? = 0
configure:3882: gcc -E  conftest.c
conftest.c:11:28: fatal error: ac_nonexistent.h: No such file or directory
 #include <ac_nonexistent.h>
                            ^
compilation terminated.
configure:3882: $? = 1
configure: failed program was:
| /* confdefs.h */
| #define PACKAGE_NAME "INF8601-LAB2"
| #define PACKAGE_TARNAME "inf8601-lab2"
| #define PACKAGE_VERSION "2.1.2"
| #define PACKAGE_STRING "INF8601-LAB2 2.1.2"
| #define PACKAGE_BUGREPORT ""
| #define PACKAGE_URL ""
| #define PACKAGE "inf8601-lab2"
| #define VERSION "2.1.2"
| /* end confdefs.h.  */
| #include <ac_nonexistent.h>
configure:3907: result: gcc -E
configure:3927: gcc -E  conftest.c
configure:3927: $? = 0
configure:3941: gcc -E  conftest.c
conftest.c:11:28: fatal error: ac_nonexistent.h: No such file or directory
 #include <ac_nonexistent.h>
                            ^
compilation terminated.
configure:3941: $? = 1
configure: failed program was:
| /* confdefs.h */
| #define PACKAGE_NAME "INF8601-LAB2"
| #define PACKAGE_TARNAME "inf8601-lab2"
| #define PACKAGE_VERSION "2.1.2"
| #define PACKAGE_STRING "INF8601-LAB2 2.1.2"
| #define PACKAGE_BUGREPORT ""
| #define PACKAGE_URL ""
| #define PACKAGE "inf8601-lab2"
| #define VERSION "2.1.2"
| /* end confdefs.h.  */
| #include <ac_nonexistent.h>
configure:3970: checking for grep that handles long lines and -e
configure:4028: result: /usr/bin/grep
configure:4033: checking for egrep
configure:4095: result: /usr/bin/grep -E
configure:4100: checking for ANSI C header files
configure:4120: gcc -c -g -O2  conftest.c >&5
configure:4120: $? = 0
configure:4193: gcc -o conftest -g -O2   conftest.c  >&5
configure:4193: $? = 0
configure:4193: ./conftest
configure:4193: $? = 0
configure:4204: result: yes
configure:4217: checking for sys/types.h
configure:4217: gcc -c -g -O2  conftest.c >&5
configure:4217: $? = 0
configure:4217: result: yes
configure:4217: checking for sys/stat.h
configure:4217: gcc -c -g -O2  conftest.c >&5
configure:4217: $? = 0
configure:4217: result: yes
configure:4217: checking for stdlib.h
configure:4217: gcc -c -g -O2  conftest.c >&5
configure:4217: $? = 0
configure:4217: result: yes
configure:4217: checking for string.h
configure:4217: gcc -c -g -O2  conftest.c >&5
configure:4217: $? = 0
configure:4217: result: yes
configure:4217: checking for memory.h
configure:4217: gcc -c -g -O2  conftest.c >&5
configure:4217: $? = 0
configure:4217: result: yes
configure:4217: checking for strings.h
configure:4217: gcc -c -g -O2  conftest.c >&5
configure:4217: $? = 0
configure:4217: result: yes
configure:4217: checking for inttypes.h
configure:4217: gcc -c -g -O2  conftest.c >&5
configure:4217: $? = 0
configure:4217: result: yes
configure:4217: checking for stdint.h
configure:4217: gcc -c -g -O2  conftest.c >&5
configure:4217: $? = 0
configure:4217: result: yes
configure:4217: checking for unistd.h
configure:4217: gcc -c -g -O2  conftest.c >&5
configure:4217: $? = 0
configure:4217: result: yes
configure:4230: checking minix/config.h usability
configure:4230: gcc -c -g -O2  conftest.c >&5
conftest.c:54:26: fatal error: minix/config.h: No such file or directory
 #include <minix/config.h>
                          ^
compilation terminated.
configure:4230: $? = 1
configure: failed program was:
| /* confdefs.h */
| #define PACKAGE_NAME "INF8601-LAB2"
| #define PACKAGE_TARNAME "inf8601-lab2"
| #define PACKAGE_VERSION "2.1.2"
| #define PACKAGE_STRING "INF8601-LAB2 2.1.2"
| #define PACKAGE_BUGREPORT ""
| #define PACKAGE_URL ""
| #define PACKAGE "inf8601-lab2"
| #define VERSION "2.1.2"
| #define STDC_HEADERS 1
| #define HAVE_SYS_TYPES_H 1
| #define HAVE_SYS_STAT_H 1
| #define HAVE_STDLIB_H 1
| #define HAVE_STRING_H 1
| #define HAVE_MEMORY_H 1
| #define HAVE_STRINGS_H 1
| #define HAVE_INTTYPES_H 1
| #define HAVE_STDINT_H 1
| #define HAVE_UNISTD_H 1
| /* end confdefs.h.  */
| #include <stdio.h>
| #ifdef HAVE_SYS_TYPES_H
| # include <sys/types.h>
| #endif
| #ifdef HAVE_SYS_STAT_H
| # include <sys/stat.h>
| #endif
| #ifdef STDC_HEADERS
| # include <stdlib.h>
| # include <stddef.h>
| #else
| # ifdef HAVE_STDLIB_H
| #  include <stdlib.h>
| # endif
| #endif
| #ifdef HAVE_STRING_H
| # if !defined STDC_HEADERS && defined HAVE_MEMORY_H
| #  include <memory.h>
| # endif
| # include <string.h>
| #endif
| #ifdef HAVE_STRINGS_H
| # include <strings.h>
| #endif
| #ifdef HAVE_INTTYPES_H
| # include <inttypes.h>
| #endif
| #ifdef HAVE_STDINT_H
| # include <stdint.h>
| #endif
| #ifdef HAVE_UNISTD_H
| # include <unistd.h>
| #endif
| #include <minix/config.h>
configure:4230: result: no
configure:4230: checking minix/config.h presence
configure:4230: gcc -E  conftest.c
conftest.c:21:26: fatal error: minix/config.h: No such file or directory
 #include <minix/config.h>
                          ^
compilation terminated.
configure:4230: $? = 1
configure: failed program was:
| /* confdefs.h */
| #define PACKAGE_NAME "INF8601-LAB2"
| #define PACKAGE_TARNAME "inf8601-lab2"
| #define PACKAGE_VERSION "2.1.2"
| #define PACKAGE_STRING "INF8601-LAB2 2.1.2"
| #define PACKAGE_BUGREPORT ""
| #define PACKAGE_URL ""
| #define PACKAGE "inf8601-lab2"
| #define VERSION "2.1.2"
| #define STDC_HEADERS 1
| #define HAVE_SYS_TYPES_H 1
| #define HAVE_SYS_STAT_H 1
| #define HAVE_STDLIB_H 1
| #define HAVE_STRING_H 1
| #define HAVE_MEMORY_H 1
| #define HAVE_STRINGS_H 1
| #define HAVE_INTTYPES_H 1
| #define HAVE_STDINT_H 1
| #define HAVE_UNISTD_H 1
| /* end confdefs.h.  */
| #include <minix/config.h>
configure:4230: result: no
configure:4230: checking for minix/config.h
configure:4230: result: no
configure:4251: checking whether it is safe to define __EXTENSIONS__
configure:4269: gcc -c -g -O2  conftest.c >&5
configure:4269: $? = 0
configure:4276: result: yes
configure:4295: checking build system type
configure:4309: result: x86_64-unknown-linux-gnu
configure:4329: checking host system type
configure:4342: result: x86_64-unknown-linux-gnu
configure:4362: checking for a sed that does not truncate output
configure:4426: result: /usr/bin/sed
configure:4444: checking for fgrep
configure:4506: result: /usr/bin/grep -F
configure:4533: checking how to print strings
configure:4560: result: printf
configure:4593: checking for ld used by gcc
configure:4660: result: /usr/bin/ld
configure:4667: checking if the linker (/usr/bin/ld) is GNU ld
configure:4682: result: yes
configure:4736: checking for BSD- or MS-compatible name lister (nm)
configure:4785: result: /usr/bin/nm -B
configure:4915: checking the name lister (/usr/bin/nm -B) interface
configure:4922: gcc -c -g -O2  conftest.c >&5
configure:4925: /usr/bin/nm -B "conftest.o"
configure:4928: output
0000000000000000 B some_variable
configure:4935: result: BSD nm
configure:4938: checking whether ln -s works
configure:4942: result: yes
configure:4950: checking the maximum length of command line arguments
configure:5081: result: 1572864
configure:5098: checking whether the shell understands some XSI constructs
configure:5108: result: yes
configure:5112: checking whether the shell understands "+="
configure:5118: result: yes
configure:5153: checking how to convert x86_64-unknown-linux-gnu file names to x86_64-unknown-linux-gnu format
configure:5193: result: func_convert_file_noop
configure:5200: checking how to convert x86_64-unknown-linux-gnu file names to toolchain format
configure:5220: result: func_convert_file_noop
configure:5227: checking for /usr/bin/ld option to reload object files
configure:5234: result: -r
configure:5308: checking for objdump
configure:5324: found /usr/bin/objdump
configure:5335: result: objdump
configure:5367: checking how to recognize dependent libraries
configure:5565: result: pass_all
configure:5650: checking for dlltool
configure:5680: result: no
configure:5710: checking how to associate runtime and link libraries
configure:5737: result: printf %s\n
configure:5797: checking for ar
configure:5813: found /usr/bin/ar
configure:5824: result: ar
configure:5861: checking for archiver @FILE support
configure:5878: gcc -c -g -O2  conftest.c >&5
configure:5878: $? = 0
configure:5881: ar cru libconftest.a @conftest.lst >&5
configure:5884: $? = 0
configure:5889: ar cru libconftest.a @conftest.lst >&5
ar: conftest.o: No such file or directory
configure:5892: $? = 1
configure:5904: result: @
configure:5962: checking for strip
configure:5978: found /usr/bin/strip
configure:5989: result: strip
configure:6061: checking for ranlib
configure:6077: found /usr/bin/ranlib
configure:6088: result: ranlib
configure:6190: checking command to parse /usr/bin/nm -B output from gcc object
configure:6310: gcc -c -g -O2  conftest.c >&5
configure:6313: $? = 0
configure:6317: /usr/bin/nm -B conftest.o \| sed -n -e 's/^.*[ ]\([ABCDGIRSTW][ABCDGIRSTW]*\)[ ][ ]*\([_A-Za-z][_A-Za-z0-9]*\)$/\1 \2 \2/p' | sed '/ __gnu_lto/d' \> conftest.nm
configure:6320: $? = 0
configure:6386: gcc -o conftest -g -O2   conftest.c conftstm.o >&5
configure:6389: $? = 0
configure:6427: result: ok
configure:6464: checking for sysroot
configure:6494: result: no
configure:6571: gcc -c -g -O2  conftest.c >&5
configure:6574: $? = 0
configure:6757: checking for mt
configure:6787: result: no
configure:6807: checking if : is a manifest tool
configure:6813: : '-?'
configure:6821: result: no
configure:7460: checking for dlfcn.h
configure:7460: gcc -c -g -O2  conftest.c >&5
configure:7460: $? = 0
configure:7460: result: yes
configure:7666: checking for objdir
configure:7681: result: .libs
configure:7948: checking if gcc supports -fno-rtti -fno-exceptions
configure:7966: gcc -c -g -O2  -fno-rtti -fno-exceptions conftest.c >&5
cc1: warning: command line option '-fno-rtti' is valid for C++/ObjC++ but not for C [enabled by default]
configure:7970: $? = 0
configure:7983: result: no
configure:8310: checking for gcc option to produce PIC
configure:8317: result: -fPIC -DPIC
configure:8325: checking if gcc PIC flag -fPIC -DPIC works
configure:8343: gcc -c -g -O2  -fPIC -DPIC -DPIC conftest.c >&5
configure:8347: $? = 0
configure:8360: result: yes
configure:8389: checking if gcc static flag -static works
configure:8417: result: no
configure:8432: checking if gcc supports -c -o file.o
configure:8453: gcc -c -g -O2  -o out/conftest2.o conftest.c >&5
configure:8457: $? = 0
configure:8479: result: yes
configure:8487: checking if gcc supports -c -o file.o
configure:8534: result: yes
configure:8567: checking whether the gcc linker (/usr/bin/ld -m elf_x86_64) supports shared libraries
configure:9724: result: yes
configure:9761: checking whether -lc should be explicitly linked in
configure:9769: gcc -c -g -O2  conftest.c >&5
configure:9772: $? = 0
configure:9787: gcc -shared  -fPIC -DPIC conftest.o  -v -Wl,-soname -Wl,conftest -o conftest 2\>\&1 \| /usr/bin/grep  -lc  \>/dev/null 2\>\&1
configure:9790: $? = 0
configure:9804: result: no
configure:9964: checking dynamic linker characteristics
configure:10464: gcc -o conftest -g -O2   -Wl,-rpath -Wl,/foo conftest.c  >&5
configure:10464: $? = 0
configure:10698: result: GNU/Linux ld.so
configure:10805: checking how to hardcode library paths into programs
configure:10830: result: immediate
configure:11370: checking whether stripping libraries is possible
configure:11375: result: yes
configure:11410: checking if libtool supports shared libraries
configure:11412: result: yes
configure:11415: checking whether to build shared libraries
configure:11436: result: yes
configure:11439: checking whether to build static libraries
configure:11443: result: yes
configure:11484: checking for sys/types.h
configure:11484: result: yes
configure:11484: checking for unistd.h
configure:11484: result: yes
configure:11484: checking fcntl.h usability
configure:11484: gcc -c -g -O2  conftest.c >&5
configure:11484: $? = 0
configure:11484: result: yes
configure:11484: checking fcntl.h presence
configure:11484: gcc -E  conftest.c
configure:11484: $? = 0
configure:11484: result: yes
configure:11484: checking for fcntl.h
configure:11484: result: yes
configure:11484: checking for strings.h
configure:11484: result: yes
configure:11484: checking pthread.h usability
configure:11484: gcc -c -g -O2  conftest.c >&5
configure:11484: $? = 0
configure:11484: result: yes
configure:11484: checking pthread.h presence
configure:11484: gcc -E  conftest.c
configure:11484: $? = 0
configure:11484: result: yes
configure:11484: checking for pthread.h
configure:11484: result: yes
configure:11484: checking time.h usability
configure:11484: gcc -c -g -O2  conftest.c >&5
configure:11484: $? = 0
configure:11484: result: yes
configure:11484: checking time.h presence
configure:11484: gcc -E  conftest.c
configure:11484: $? = 0
configure:11484: result: yes
configure:11484: checking for time.h
configure:11484: result: yes
configure:11484: checking errno.h usability
configure:11484: gcc -c -g -O2  conftest.c >&5
configure:11484: $? = 0
configure:11484: result: yes
configure:11484: checking errno.h presence
configure:11484: gcc -E  conftest.c
configure:11484: $? = 0
configure:11484: result: yes
configure:11484: checking for errno.h
configure:11484: result: yes
configure:11484: checking stdarg.h usability
configure:11484: gcc -c -g -O2  conftest.c >&5
configure:11484: $? = 0
configure:11484: result: yes
configure:11484: checking stdarg.h presence
configure:11484: gcc -E  conftest.c
configure:11484: $? = 0
configure:11484: result: yes
configure:11484: checking for stdarg.h
configure:11484: result: yes
configure:11484: checking limits.h usability
configure:11484: gcc -c -g -O2  conftest.c >&5
configure:11484: $? = 0
configure:11484: result: yes
configure:11484: checking limits.h presence
configure:11484: gcc -E  conftest.c
configure:11484: $? = 0
configure:11484: result: yes
configure:11484: checking for limits.h
configure:11484: result: yes
configure:11484: checking signal.h usability
configure:11484: gcc -c -g -O2  conftest.c >&5
configure:11484: $? = 0
configure:11484: result: yes
configure:11484: checking signal.h presence
configure:11484: gcc -E  conftest.c
configure:11484: $? = 0
configure:11484: result: yes
configure:11484: checking for signal.h
configure:11484: result: yes
configure:11484: checking for stdlib.h
configure:11484: result: yes
configure:11497: checking for inttypes.h
configure:11497: result: yes
configure:11497: checking math.h usability
configure:11497: gcc -c -g -O2  conftest.c >&5
configure:11497: $? = 0
configure:11497: result: yes
configure:11497: checking math.h presence
configure:11497: gcc -E  conftest.c
configure:11497: $? = 0
configure:11497: result: yes
configure:11497: checking for math.h
configure:11497: result: yes
configure:11507: checking for pow in -lm
configure:11532: gcc -o conftest -g -O2   conftest.c -lm   >&5
conftest.c:48:6: warning: conflicting types for built-in function 'pow' [enabled by default]
 char pow ();
      ^
configure:11532: $? = 0
configure:11541: result: yes
configure:11552: checking for fclose in -lstdc++
configure:11577: gcc -o conftest -g -O2   conftest.c -lstdc++  -lm  >&5
configure:11577: $? = 0
configure:11586: result: yes
configure:11607: checking for gcc option to support OpenMP
configure:11622: gcc -o conftest -g -O2   conftest.c -lstdc++ -lm  >&5
conftest.c:45:2: error: unknown type name 'choke'
  choke me
  ^
In file included from conftest.c:47:0:
/usr/lib/gcc/x86_64-redhat-linux/4.8.3/include/omp.h:34:1: error: expected '=', ',', ';', 'asm' or '__attribute__' before 'typedef'
 typedef struct
 ^
configure:11622: $? = 1
configure: failed program was:
| /* confdefs.h */
| #define PACKAGE_NAME "INF8601-LAB2"
| #define PACKAGE_TARNAME "inf8601-lab2"
| #define PACKAGE_VERSION "2.1.2"
| #define PACKAGE_STRING "INF8601-LAB2 2.1.2"
| #define PACKAGE_BUGREPORT ""
| #define PACKAGE_URL ""
| #define PACKAGE "inf8601-lab2"
| #define VERSION "2.1.2"
| #define STDC_HEADERS 1
| #define HAVE_SYS_TYPES_H 1
| #define HAVE_SYS_STAT_H 1
| #define HAVE_STDLIB_H 1
| #define HAVE_STRING_H 1
| #define HAVE_MEMORY_H 1
| #define HAVE_STRINGS_H 1
| #define HAVE_INTTYPES_H 1
| #define HAVE_STDINT_H 1
| #define HAVE_UNISTD_H 1
| #define __EXTENSIONS__ 1
| #define _ALL_SOURCE 1
| #define _GNU_SOURCE 1
| #define _POSIX_PTHREAD_SEMANTICS 1
| #define _TANDEM_SOURCE 1
| #define HAVE_DLFCN_H 1
| #define LT_OBJDIR ".libs/"
| #define HAVE_SYS_TYPES_H 1
| #define HAVE_UNISTD_H 1
| #define HAVE_FCNTL_H 1
| #define HAVE_STRINGS_H 1
| #define HAVE_PTHREAD_H 1
| #define HAVE_TIME_H 1
| #define HAVE_ERRNO_H 1
| #define HAVE_STDARG_H 1
| #define HAVE_LIMITS_H 1
| #define HAVE_SIGNAL_H 1
| #define HAVE_STDLIB_H 1
| #define HAVE_INTTYPES_H 1
| #define HAVE_MATH_H 1
| #define HAVE_LIBM 1
| #define HAVE_LIBSTDC__ 1
| /* end confdefs.h.  */
| 
| #ifndef _OPENMP
|  choke me
| #endif
| #include <omp.h>
| int main () { return omp_get_num_threads (); }
| 
configure:11640: gcc -o conftest -g -O2 -fopenmp   conftest.c -lstdc++ -lm  >&5
configure:11640: $? = 0
configure:11654: result: -fopenmp
configure:11676: checking CL/cl.h usability
configure:11676: gcc -c -g -O2  conftest.c >&5
configure:11676: $? = 0
configure:11676: result: yes
configure:11676: checking CL/cl.h presence
configure:11676: gcc -E  conftest.c
configure:11676: $? = 0
configure:11676: result: yes
configure:11676: checking for CL/cl.h
configure:11676: result: yes
configure:11708: checking whether host is Mac OS
configure:11717: result: no
configure:11719: checking for clGetPlatformIDs in -lOpenCL
configure:11744: gcc -o conftest -g -O2   conftest.c -lOpenCL  -lstdc++ -lm  >&5
configure:11744: $? = 0
configure:11753: result: yes
configure:11771: checking whether to enable debug mode
configure:11789: result: no
configure:11811: checking whether make supports nested variables
configure:11828: result: yes
configure:11889: checking for gcc
configure:11916: result: gcc
configure:12145: checking for C compiler version
configure:12154: gcc --version >&5
gcc (GCC) 4.8.3 20140624 (Red Hat 4.8.3-1)
Copyright (C) 2013 Free Software Foundation, Inc.
This is free software; see the source for copying conditions.  There is NO
warranty; not even for MERCHANTABILITY or FITNESS FOR A PARTICULAR PURPOSE.

configure:12165: $? = 0
configure:12154: gcc -v >&5
Using built-in specs.
COLLECT_GCC=gcc
COLLECT_LTO_WRAPPER=/usr/libexec/gcc/x86_64-redhat-linux/4.8.3/lto-wrapper
Target: x86_64-redhat-linux
Configured with: ../configure --prefix=/usr --mandir=/usr/share/man --infodir=/usr/share/info --with-bugurl=http://bugzilla.redhat.com/bugzilla --enable-bootstrap --enable-shared --enable-threads=posix --enable-checking=release --with-system-zlib --enable-__cxa_atexit --disable-libunwind-exceptions --enable-gnu-unique-object --enable-linker-build-id --with-linker-hash-style=gnu --enable-languages=c,c++,objc,obj-c++,java,fortran,ada,go,lto --enable-plugin --enable-initfini-array --enable-java-awt=gtk --disable-dssi --with-java-home=/usr/lib/jvm/java-1.5.0-gcj-1.5.0.0/jre --enable-libgcj-multifile --enable-java-maintainer-mode --with-ecj-jar=/usr/share/java/eclipse-ecj.jar --disable-libjava-multilib --with-isl=/builddir/build/BUILD/gcc-4.8.3-20140624/obj-x86_64-redhat-linux/isl-install --with-cloog=/builddir/build/BUILD/gcc-4.8.3-20140624/obj-x86_64-redhat-linux/cloog-install --with-tune=generic --with-arch_32=i686 --build=x86_64-redhat-linux
Thread model: posix
gcc version 4.8.3 20140624 (Red Hat 4.8.3-1) (GCC) 
configure:12165: $? = 0
configure:12154: gcc -V >&5
gcc: error: unrecognized command line option '-V'
gcc: fatal error: no input files
compilation terminated.
configure:12165: $? = 4
configure:12154: gcc -qversion >&5
gcc: error: unrecognized command line option '-qversion'
gcc: fatal error: no input files
compilation terminated.
configure:12165: $? = 4
configure:12169: checking whether we are using the GNU C compiler
configure:12197: result: yes
configure:12206: checking whether gcc accepts -g
configure:12267: result: yes
configure:12284: checking for gcc option to accept ISO C89
configure:12360: result: none needed
configure:12382: checking dependency style of gcc
configure:12493: result: gcc3
configure:12566: checking for g++
configure:12582: found /usr/bin/g++
configure:12593: result: g++
configure:12620: checking for C++ compiler version
configure:12629: g++ --version >&5
g++ (GCC) 4.8.3 20140624 (Red Hat 4.8.3-1)
Copyright (C) 2013 Free Software Foundation, Inc.
This is free software; see the source for copying conditions.  There is NO
warranty; not even for MERCHANTABILITY or FITNESS FOR A PARTICULAR PURPOSE.

configure:12640: $? = 0
configure:12629: g++ -v >&5
Using built-in specs.
COLLECT_GCC=g++
COLLECT_LTO_WRAPPER=/usr/libexec/gcc/x86_64-redhat-linux/4.8.3/lto-wrapper
Target: x86_64-redhat-linux
Configured with: ../configure --prefix=/usr --mandir=/usr/share/man --infodir=/usr/share/info --with-bugurl=http://bugzilla.redhat.com/bugzilla --enable-bootstrap --enable-shared --enable-threads=posix --enable-checking=release --with-system-zlib --enable-__cxa_atexit --disable-libunwind-exceptions --enable-gnu-unique-object --enable-linker-build-id --with-linker-hash-style=gnu --enable-languages=c,c++,objc,obj-c++,java,fortran,ada,go,lto --enable-plugin --enable-initfini-array --enable-java-awt=gtk --disable-dssi --with-java-home=/usr/lib/jvm/java-1.5.0-gcj-1.5.0.0/jre --enable-libgcj-multifile --enable-java-maintainer-mode --with-ecj-jar=/usr/share/java/eclipse-ecj.jar --disable-libjava-multilib --with-isl=/builddir/build/BUILD/gcc-4.8.3-20140624/obj-x86_64-redhat-linux/isl-install --with-cloog=/builddir/build/BUILD/gcc-4.8.3-20140624/obj-x86_64-redhat-linux/cloog-install --with-tune=generic --with-arch_32=i686 --build=x86_64-redhat-linux
Thread model: posix
gcc version 4.8.3 20140624 (Red Hat 4.8.3-1) (GCC) 
configure:12640: $? = 0
configure:12629: g++ -V >&5
g++: error: unrecognized command line option '-V'
g++: fatal error: no input files
compilation terminated.
configure:12640: $? = 4
configure:12629: g++ -qversion >&5
g++: error: unrecognized command line option '-qversion'
g++: fatal error: no input files
compilation terminated.
configure:12640: $? = 4
configure:12644: checking whether we are using the GNU C++ compiler
configure:12663: g++ -c   conftest.cpp >&5
configure:12663: $? = 0
configure:12672: result: yes
configure:12681: checking whether g++ accepts -g
configure:12701: g++ -c -g  conftest.cpp >&5
configure:12701: $? = 0
configure:12742: result: yes
configure:12767: checking dependency style of g++
configure:12878: result: gcc3
configure:12911: checking how to run the C++ preprocessor
configure:12938: g++ -E  conftest.cpp
configure:12938: $? = 0
configure:12952: g++ -E  conftest.cpp
conftest.cpp:45:28: fatal error: ac_nonexistent.h: No such file or directory
 #include <ac_nonexistent.h>
                            ^
compilation terminated.
configure:12952: $? = 1
configure: failed program was:
| /* confdefs.h */
| #define PACKAGE_NAME "INF8601-LAB2"
| #define PACKAGE_TARNAME "inf8601-lab2"
| #define PACKAGE_VERSION "2.1.2"
| #define PACKAGE_STRING "INF8601-LAB2 2.1.2"
| #define PACKAGE_BUGREPORT ""
| #define PACKAGE_URL ""
| #define PACKAGE "inf8601-lab2"
| #define VERSION "2.1.2"
| #define STDC_HEADERS 1
| #define HAVE_SYS_TYPES_H 1
| #define HAVE_SYS_STAT_H 1
| #define HAVE_STDLIB_H 1
| #define HAVE_STRING_H 1
| #define HAVE_MEMORY_H 1
| #define HAVE_STRINGS_H 1
| #define HAVE_INTTYPES_H 1
| #define HAVE_STDINT_H 1
| #define HAVE_UNISTD_H 1
| #define __EXTENSIONS__ 1
| #define _ALL_SOURCE 1
| #define _GNU_SOURCE 1
| #define _POSIX_PTHREAD_SEMANTICS 1
| #define _TANDEM_SOURCE 1
| #define HAVE_DLFCN_H 1
| #define LT_OBJDIR ".libs/"
| #define HAVE_SYS_TYPES_H 1
| #define HAVE_UNISTD_H 1
| #define HAVE_FCNTL_H 1
| #define HAVE_STRINGS_H 1
| #define HAVE_PTHREAD_H 1
| #define HAVE_TIME_H 1
| #define HAVE_ERRNO_H 1
| #define HAVE_STDARG_H 1
| #define HAVE_LIMITS_H 1
| #define HAVE_SIGNAL_H 1
| #define HAVE_STDLIB_H 1
| #define HAVE_INTTYPES_H 1
| #define HAVE_MATH_H 1
| #define HAVE_LIBM 1
| #define HAVE_LIBSTDC__ 1
| #define HAVE_CL_CL_H 1
| #define HAVE_LIBOPENCL 1
| /* end confdefs.h.  */
| #include <ac_nonexistent.h>
configure:12977: result: g++ -E
configure:12997: g++ -E  conftest.cpp
configure:12997: $? = 0
configure:13011: g++ -E  conftest.cpp
conftest.cpp:45:28: fatal error: ac_nonexistent.h: No such file or directory
 #include <ac_nonexistent.h>
                            ^
compilation terminated.
configure:13011: $? = 1
configure: failed program was:
| /* confdefs.h */
| #define PACKAGE_NAME "INF8601-LAB2"
| #define PACKAGE_TARNAME "inf8601-lab2"
| #define PACKAGE_VERSION "2.1.2"
| #define PACKAGE_STRING "INF8601-LAB2 2.1.2"
| #define PACKAGE_BUGREPORT ""
| #define PACKAGE_URL ""
| #define PACKAGE "inf8601-lab2"
| #define VERSION "2.1.2"
| #define STDC_HEADERS 1
| #define HAVE_SYS_TYPES_H 1
| #define HAVE_SYS_STAT_H 1
| #define HAVE_STDLIB_H 1
| #define HAVE_STRING_H 1
| #define HAVE_MEMORY_H 1
| #define HAVE_STRINGS_H 1
| #define HAVE_INTTYPES_H 1
| #define HAVE_STDINT_H 1
| #define HAVE_UNISTD_H 1
| #define __EXTENSIONS__ 1
| #define _ALL_SOURCE 1
| #define _GNU_SOURCE 1
| #define _POSIX_PTHREAD_SEMANTICS 1
| #define _TANDEM_SOURCE 1
| #define HAVE_DLFCN_H 1
| #define LT_OBJDIR ".libs/"
| #define HAVE_SYS_TYPES_H 1
| #define HAVE_UNISTD_H 1
| #define HAVE_FCNTL_H 1
| #define HAVE_STRINGS_H 1
| #define HAVE_PTHREAD_H 1
| #define HAVE_TIME_H 1
| #define HAVE_ERRNO_H 1
| #define HAVE_STDARG_H 1
| #define HAVE_LIMITS_H 1
| #define HAVE_SIGNAL_H 1
| #define HAVE_STDLIB_H 1
| #define HAVE_INTTYPES_H 1
| #define HAVE_MATH_H 1
| #define HAVE_LIBM 1
| #define HAVE_LIBSTDC__ 1
| #define HAVE_CL_CL_H 1
| #define HAVE_LIBOPENCL 1
| /* end confdefs.h.  */
| #include <ac_nonexistent.h>
configure:13180: checking for ld used by g++
configure:13247: result: /usr/bin/ld -m elf_x86_64
configure:13254: checking if the linker (/usr/bin/ld -m elf_x86_64) is GNU ld
configure:13269: result: yes
configure:13324: checking whether the g++ linker (/usr/bin/ld -m elf_x86_64) supports shared libraries
configure:14326: result: yes
configure:14362: g++ -c -g -O2  conftest.cpp >&5
configure:14365: $? = 0
configure:14885: checking for g++ option to produce PIC
configure:14892: result: -fPIC -DPIC
configure:14900: checking if g++ PIC flag -fPIC -DPIC works
configure:14918: g++ -c -g -O2  -fPIC -DPIC -DPIC conftest.cpp >&5
configure:14922: $? = 0
configure:14935: result: yes
configure:14958: checking if g++ static flag -static works
configure:14986: result: no
configure:14998: checking if g++ supports -c -o file.o
configure:15019: g++ -c -g -O2  -o out/conftest2.o conftest.cpp >&5
configure:15023: $? = 0
configure:15045: result: yes
configure:15050: checking if g++ supports -c -o file.o
configure:15097: result: yes
configure:15127: checking whether the g++ linker (/usr/bin/ld -m elf_x86_64) supports shared libraries
configure:15166: result: yes
configure:15307: checking dynamic linker characteristics
configure:15975: result: GNU/Linux ld.so
configure:16028: checking how to hardcode library paths into programs
configure:16053: result: immediate
configure:16094: checking whether gcc and cc understand -c and -o together
configure:16125: gcc -c conftest.c -o conftest2.o >&5
configure:16129: $? = 0
configure:16135: gcc -c conftest.c -o conftest2.o >&5
configure:16139: $? = 0
configure:16150: cc -c conftest.c >&5
configure:16154: $? = 0
configure:16162: cc -c conftest.c -o conftest2.o >&5
configure:16166: $? = 0
configure:16172: cc -c conftest.c -o conftest2.o >&5
configure:16176: $? = 0
configure:16194: result: yes
configure:16262: checking for ranlib
configure:16289: result: ranlib
configure:16452: creating ./config.status

## ---------------------- ##
## Running config.status. ##
## ---------------------- ##

This file was extended by INF8601-LAB2 config.status 2.1.2, which was
generated by GNU Autoconf 2.69.  Invocation command line was

  CONFIG_FILES    = 
  CONFIG_HEADERS  = 
  CONFIG_LINKS    = 
  CONFIG_COMMANDS = 
  $ ./config.status 

on l4712-17.info.polymtl.ca

config.status:1170: creating Makefile
config.status:1170: creating tests/Makefile
config.status:1170: creating encode/Makefile
config.status:1170: creating src/Makefile
config.status:1170: creating config.h
config.status:1399: executing depfiles commands
config.status:1399: executing libtool commands

## ---------------- ##
## Cache variables. ##
## ---------------- ##

ac_cv_build=x86_64-unknown-linux-gnu
ac_cv_c_compiler_gnu=yes
ac_cv_cxx_compiler_gnu=yes
ac_cv_env_CCC_set=
ac_cv_env_CCC_value=
ac_cv_env_CC_set=
ac_cv_env_CC_value=
ac_cv_env_CFLAGS_set=
ac_cv_env_CFLAGS_value=
ac_cv_env_CPPFLAGS_set=
ac_cv_env_CPPFLAGS_value=
ac_cv_env_CPP_set=
ac_cv_env_CPP_value=
ac_cv_env_CXXCPP_set=
ac_cv_env_CXXCPP_value=
ac_cv_env_CXXFLAGS_set=
ac_cv_env_CXXFLAGS_value=
ac_cv_env_CXX_set=
ac_cv_env_CXX_value=
ac_cv_env_LDFLAGS_set=
ac_cv_env_LDFLAGS_value=
ac_cv_env_LIBS_set=
ac_cv_env_LIBS_value=
ac_cv_env_build_alias_set=
ac_cv_env_build_alias_value=
ac_cv_env_host_alias_set=
ac_cv_env_host_alias_value=
ac_cv_env_target_alias_set=
ac_cv_env_target_alias_value=
ac_cv_header_CL_cl_h=yes
ac_cv_header_dlfcn_h=yes
ac_cv_header_errno_h=yes
ac_cv_header_fcntl_h=yes
ac_cv_header_inttypes_h=yes
ac_cv_header_limits_h=yes
ac_cv_header_math_h=yes
ac_cv_header_memory_h=yes
ac_cv_header_minix_config_h=no
ac_cv_header_pthread_h=yes
ac_cv_header_signal_h=yes
ac_cv_header_stdarg_h=yes
ac_cv_header_stdc=yes
ac_cv_header_stdint_h=yes
ac_cv_header_stdlib_h=yes
ac_cv_header_string_h=yes
ac_cv_header_strings_h=yes
ac_cv_header_sys_stat_h=yes
ac_cv_header_sys_types_h=yes
ac_cv_header_time_h=yes
ac_cv_header_unistd_h=yes
ac_cv_host=x86_64-unknown-linux-gnu
ac_cv_lib_OpenCL_clGetPlatformIDs=yes
ac_cv_lib_m_pow=yes
ac_cv_lib_stdcpp_fclose=yes
ac_cv_objext=o
ac_cv_path_EGREP='/usr/bin/grep -E'
ac_cv_path_FGREP='/usr/bin/grep -F'
ac_cv_path_GREP=/usr/bin/grep
ac_cv_path_SED=/usr/bin/sed
ac_cv_path_install='/usr/bin/install -c'
ac_cv_path_mkdir=/usr/bin/mkdir
ac_cv_prog_AWK=gawk
ac_cv_prog_CPP='gcc -E'
ac_cv_prog_CXXCPP='g++ -E'
ac_cv_prog_ac_ct_AR=ar
ac_cv_prog_ac_ct_CC=gcc
ac_cv_prog_ac_ct_CXX=g++
ac_cv_prog_ac_ct_OBJDUMP=objdump
ac_cv_prog_ac_ct_RANLIB=ranlib
ac_cv_prog_ac_ct_STRIP=strip
ac_cv_prog_c_openmp=-fopenmp
ac_cv_prog_cc_c89=
ac_cv_prog_cc_g=yes
ac_cv_prog_cc_gcc_c_o=yes
ac_cv_prog_cxx_g=yes
ac_cv_prog_make_make_set=yes
ac_cv_safe_to_define___extensions__=yes
am_cv_CC_dependencies_compiler_type=gcc3
am_cv_CXX_dependencies_compiler_type=gcc3
am_cv_make_support_nested_variables=yes
lt_cv_ar_at_file=@
lt_cv_archive_cmds_need_lc=no
lt_cv_deplibs_check_method=pass_all
lt_cv_file_magic_cmd='$MAGIC_CMD'
lt_cv_file_magic_test_file=
lt_cv_ld_reload_flag=-r
lt_cv_nm_interface='BSD nm'
lt_cv_objdir=.libs
lt_cv_path_LD=/usr/bin/ld
lt_cv_path_LDCXX='/usr/bin/ld -m elf_x86_64'
lt_cv_path_NM='/usr/bin/nm -B'
lt_cv_path_mainfest_tool=no
lt_cv_prog_compiler_c_o=yes
lt_cv_prog_compiler_c_o_CXX=yes
lt_cv_prog_compiler_pic='-fPIC -DPIC'
lt_cv_prog_compiler_pic_CXX='-fPIC -DPIC'
lt_cv_prog_compiler_pic_works=yes
lt_cv_prog_compiler_pic_works_CXX=yes
lt_cv_prog_compiler_rtti_exceptions=no
lt_cv_prog_compiler_static_works=no
lt_cv_prog_compiler_static_works_CXX=no
lt_cv_prog_gnu_ld=yes
lt_cv_prog_gnu_ldcxx=yes
lt_cv_sharedlib_from_linklib_cmd='printf %s\n'
lt_cv_shlibpath_overrides_runpath=no
lt_cv_sys_global_symbol_pipe='sed -n -e '\''s/^.*[	 ]\([ABCDGIRSTW][ABCDGIRSTW]*\)[	 ][	 ]*\([_A-Za-z][_A-Za-z0-9]*\)$/\1 \2 \2/p'\'' | sed '\''/ __gnu_lto/d'\'''
lt_cv_sys_global_symbol_to_c_name_address='sed -n -e '\''s/^: \([^ ]*\)[ ]*$/  {\"\1\", (void *) 0},/p'\'' -e '\''s/^[ABCDGIRSTW]* \([^ ]*\) \([^ ]*\)$/  {"\2", (void *) \&\2},/p'\'''
lt_cv_sys_global_symbol_to_c_name_address_lib_prefix='sed -n -e '\''s/^: \([^ ]*\)[ ]*$/  {\"\1\", (void *) 0},/p'\'' -e '\''s/^[ABCDGIRSTW]* \([^ ]*\) \(lib[^ ]*\)$/  {"\2", (void *) \&\2},/p'\'' -e '\''s/^[ABCDGIRSTW]* \([^ ]*\) \([^ ]*\)$/  {"lib\2", (void *) \&\2},/p'\'''
lt_cv_sys_global_symbol_to_cdecl='sed -n -e '\''s/^T .* \(.*\)$/extern int \1();/p'\'' -e '\''s/^[ABCDGIRSTW]* .* \(.*\)$/extern char \1;/p'\'''
lt_cv_sys_max_cmd_len=1572864
lt_cv_to_host_file_cmd=func_convert_file_noop
lt_cv_to_tool_file_cmd=func_convert_file_noop

## ----------------- ##
## Output variables. ##
## ----------------- ##

ACLOCAL='${SHELL} /usagers/macouaj/Bureau/ParallelTP/TP2/inf8601-lab2-2.1.3/missing --run aclocal-1.11'
AMDEPBACKSLASH='\'
AMDEP_FALSE='#'
AMDEP_TRUE=''
AMTAR='$${TAR-tar}'
AM_BACKSLASH='\'
AM_DEFAULT_V='$(AM_DEFAULT_VERBOSITY)'
AM_DEFAULT_VERBOSITY='0'
AM_V='$(V)'
AR='ar'
AUTOCONF='${SHELL} /usagers/macouaj/Bureau/ParallelTP/TP2/inf8601-lab2-2.1.3/missing --run autoconf'
AUTOHEADER='${SHELL} /usagers/macouaj/Bureau/ParallelTP/TP2/inf8601-lab2-2.1.3/missing --run autoheader'
AUTOMAKE='${SHELL} /usagers/macouaj/Bureau/ParallelTP/TP2/inf8601-lab2-2.1.3/missing --run automake-1.11'
AWK='gawk'
CC='gcc'
CCDEPMODE='depmode=gcc3'
CFLAGS='-Wall -O3 -fomit-frame-pointer'
CPP='gcc -E'
CPPFLAGS=''
CXX='g++'
CXXCPP='g++ -E'
CXXDEPMODE='depmode=gcc3'
CXXFLAGS='-g -O2'
CYGPATH_W='echo'
DEFS='-DHAVE_CONFIG_H'
DEPDIR='.deps'
DLLTOOL='false'
DSYMUTIL=''
DUMPBIN=''
ECHO_C=''
ECHO_N='-n'
ECHO_T=''
EGREP='/usr/bin/grep -E'
EXEEXT=''
FGREP='/usr/bin/grep -F'
GREP='/usr/bin/grep'
INSTALL_DATA='${INSTALL} -m 644'
INSTALL_PROGRAM='${INSTALL}'
INSTALL_SCRIPT='${INSTALL}'
INSTALL_STRIP_PROGRAM='$(install_sh) -c -s'
LD='/usr/bin/ld -m elf_x86_64'
LDFLAGS=''
LIBOBJS=''
LIBS='-lOpenCL -lstdc++ -lm '
LIBTOOL='$(SHELL) $(top_builddir)/libtool'
LIPO=''
LN_S='ln -s'
LTLIBOBJS=''
MAKEINFO='${SHELL} /usagers/macouaj/Bureau/ParallelTP/TP2/inf8601-lab2-2.1.3/missing --run makeinfo'
MANIFEST_TOOL=':'
MKDIR_P='/usr/bin/mkdir -p'
NM='/usr/bin/nm -B'
NMEDIT=''
OBJDUMP='objdump'
OBJEXT='o'
OPENCLCC='openclcc-embed'
OPENMP_CFLAGS='-fopenmp'
OTOOL64=''
OTOOL=''
PACKAGE='inf8601-lab2'
PACKAGE_BUGREPORT=''
PACKAGE_NAME='INF8601-LAB2'
PACKAGE_STRING='INF8601-LAB2 2.1.2'
PACKAGE_TARNAME='inf8601-lab2'
PACKAGE_URL=''
PACKAGE_VERSION='2.1.2'
PATH_SEPARATOR=':'
RANLIB='ranlib'
SED='/usr/bin/sed'
SET_MAKE=''
SHELL='/bin/sh'
STRIP='strip'
VERSION='2.1.2'
ac_ct_AR='ar'
ac_ct_CC='gcc'
ac_ct_CXX='g++'
ac_ct_DUMPBIN=''
am__EXEEXT_FALSE=''
am__EXEEXT_TRUE='#'
am__fastdepCC_FALSE='#'
am__fastdepCC_TRUE=''
am__fastdepCXX_FALSE='#'
am__fastdepCXX_TRUE=''
am__include='include'
am__isrc=''
am__leading_dot='.'
am__nodep='_no'
am__quote=''
am__tar='$${TAR-tar} chof - "$$tardir"'
am__untar='$${TAR-tar} xf -'
bindir='${exec_prefix}/bin'
build='x86_64-unknown-linux-gnu'
build_alias=''
build_cpu='x86_64'
build_os='linux-gnu'
build_vendor='unknown'
datadir='${datarootdir}'
datarootdir='${prefix}/share'
docdir='${datarootdir}/doc/${PACKAGE_TARNAME}'
dvidir='${docdir}'
exec_prefix='${prefix}'
host='x86_64-unknown-linux-gnu'
host_alias=''
host_cpu='x86_64'
host_os='linux-gnu'
host_vendor='unknown'
htmldir='${docdir}'
includedir='${prefix}/include'
infodir='${datarootdir}/info'
install_sh='${SHELL} /usagers/macouaj/Bureau/ParallelTP/TP2/inf8601-lab2-2.1.3/install-sh'
libdir='${exec_prefix}/lib'
libexecdir='${exec_prefix}/libexec'
localedir='${datarootdir}/locale'
localstatedir='${prefix}/var'
mandir='${datarootdir}/man'
mkdir_p='/usr/bin/mkdir -p'
oldincludedir='/usr/include'
pdfdir='${docdir}'
prefix='/usr/local'
program_transform_name='s,x,x,'
psdir='${docdir}'
sbindir='${exec_prefix}/sbin'
sharedstatedir='${prefix}/com'
sysconfdir='${prefix}/etc'
target_alias=''

## ----------- ##
## confdefs.h. ##
## ----------- ##

/* confdefs.h */
#define PACKAGE_NAME "INF8601-LAB2"
#define PACKAGE_TARNAME "inf8601-lab2"
#define PACKAGE_VERSION "2.1.2"
#define PACKAGE_STRING "INF8601-LAB2 2.1.2"
#define PACKAGE_BUGREPORT ""
#define PACKAGE_URL ""
#define PACKAGE "inf8601-lab2"
#define VERSION "2.1.2"
#define STDC_HEADERS 1
#define HAVE_SYS_TYPES_H 1
#define HAVE_SYS_STAT_H 1
#define HAVE_STDLIB_H 1
#define HAVE_STRING_H 1
#define HAVE_MEMORY_H 1
#define HAVE_STRINGS_H 1
#define HAVE_INTTYPES_H 1
#define HAVE_STDINT_H 1
#define HAVE_UNISTD_H 1
#define __EXTENSIONS__ 1
#define _ALL_SOURCE 1
#define _GNU_SOURCE 1
#define _POSIX_PTHREAD_SEMANTICS 1
#define _TANDEM_SOURCE 1
#define HAVE_DLFCN_H 1
#define LT_OBJDIR ".libs/"
#define HAVE_SYS_TYPES_H 1
#define HAVE_UNISTD_H 1
#define HAVE_FCNTL_H 1
#define HAVE_STRINGS_H 1
#define HAVE_PTHREAD_H 1
#define HAVE_TIME_H 1
#define HAVE_ERRNO_H 1
#define HAVE_STDARG_H 1
#define HAVE_LIMITS_H 1
#define HAVE_SIGNAL_H 1
#define HAVE_STDLIB_H 1
#define HAVE_INTTYPES_H 1
#define HAVE_MATH_H 1
#define HAVE_LIBM 1
#define HAVE_LIBSTDC__ 1
#define HAVE_CL_CL_H 1
#define HAVE_LIBOPENCL 1

configure: exit 0
