thread=1,func=fast,ht=0,,,,,,,,,,,,,,,,,,,,,,,,,,,,,,,,,,,,,,,,,,,,,,,
# started on Mon Oct 20 16:44:43 2014,,,,,,,,,,,,,,,,,,,,,,,,,,,,,,,,,,,,,,,,,,,,,,,,,
272212437,,cycles,,,,,,,,,,,,,,,,,,,,,,,,,,,,,,,,,,,,,,,,,,,,,,,
561538716,,instructions,,,,,,,,,,,,,,,,,,,,,,,,,,,,,,,,,,,,,,,,,,,,,,,
<not supported>,,L1-dcache-loads,,,,,,,,,,,,,,,,,,,,,,,,,,,,,,,,,,,,,,,,,,,,,,,
245780,,L1-dcache-load-misses,,,,,,,,,,,,,,,,,,,,,,,,,,,,,,,,,,,,,,,,,,,,,,,
thread=1,func=slow_a,ht=0,,,,,,,,,,,,,,,,,,,,,,,,,,,,,,,,,,,,,,,,,,,,,,,
# started on Mon Oct 20 16:44:43 2014,,,,,,,,,,,,,,,,,,,,,,,,,,,,,,,,,,,,,,,,,,,,,,,,,
3240742020,,cycles,,,,,,,,,,,,,,,,,,,,,,,,,,,,,,,,,,,,,,,,,,,,,,,
7104267588,,instructions,,,,,,,,,,,,,,,,,,,,,,,,,,,,,,,,,,,,,,,,,,,,,,,
<not supported>,,L1-dcache-loads,,,,,,,,,,,,,,,,,,,,,,,,,,,,,,,,,,,,,,,,,,,,,,,
8205560,,L1-dcache-load-misses,,,,,,,,,,,,,,,,,,,,,,,,,,,,,,,,,,,,,,,,,,,,,,,
thread=1,func=slow_b,ht=0,,,,,,,,,,,,,,,,,,,,,,,,,,,,,,,,,,,,,,,,,,,,,,,
# started on Mon Oct 20 16:44:44 2014,,,,272212437,,,,<not supported>,,thread=1,# started on Mon Oct 20 16:44:43 2014,,,<not supported>,,thread=1,# started on Mon Oct 20 16:44:44 2014,,,<not supported>,,thread=1,# started on Mon Oct 20 16:44:45 2014,,,<not supported>,,thread=1,# started on Mon Oct 20 16:44:48 2014,,,<not supported>,,thread=1,# started on Mon Oct 20 16:44:55 2014,,,<not supported>,,thread=1,# started on Mon Oct 20 16:44:58 2014,,,<not supported>,,,,,
4009959950,,cycles,,561538716,,,,,,,,,,,,,,,,,,,,,,,,,,,,,,,,,,,,,,,,,,,,,
6065126933,,instructions,,<not supported>,,,,,,,,,,,,,,,,,,,,,,,,,,,,,,,,,,,,,,,,,,,,,
<not supported>,,L1-dcache-loads,,245780,,,,,,,,,,,,,,,,,,,,,,,,,,,,,,,,,,,,,,,,,,,,,
8244359,,L1-dcache-load-misses,,thread=1,,,,,,,,,,,,,,,,,,,,,,,,,,,,,,,,,,,,,,,,,,,,,
thread=1,func=slow_c,ht=0,,# started on Mon Oct 20 16:44:43 2014,,,,,,,,,,,,,,,,,,,,,,,,,,,,,,,,,,,,,,,,,,,,,
# started on Mon Oct 20 16:44:45 2014,,,,3240742020,,,,,,,,,,,,,,,,,,,,,,,,,,,,,,,,,,,,,,,,,,,,,
11450467077,,cycles,,7104267588,,,,,,,,,,,,,,,,,,,,,,,,,,,,,,,,,,,,,,,,,,,,,
6572122867,,instructions,,<not supported>,,,,,,,,,,,,,,,,,,,,,,,,,,,,,,,,,,,,,,,,,,,,,
<not supported>,,L1-dcache-loads,,8205560,,,,,,,,,,,,,,,,,,,,,,,,,,,,,,,,,,,,,,,,,,,,,
8568789,,L1-dcache-load-misses,,thread=1,,,,,,,,,,,,,,,,,,,,,,,,,,,,,,,,,,,,,,,,,,,,,
thread=1,func=slow_d,ht=0,,# started on Mon Oct 20 16:44:44 2014,,,1917511078,,,,,,,,,,,,,,,,,,,,,,,,,,,,,,,,,,,,,,,,,,
# started on Mon Oct 20 16:44:48 2014,,,,4009959950,,,5062983309,,,,,,,,,,,,,,,,,,,,,,,,,,,,,,,,,,,,,,,,,,
29406559197,,cycles,,6065126933,,,<not supported>,,,,,,,,,,,,,,,,,,,,,,,,,,,,,,,,,,,,,,,,,,
17089021979,,instructions,,<not supported>,,,8151907,,,,,,,,,,,,,,,,,,,,,,,,,,,,,,,,,,,,,,,,,,
<not supported>,,L1-dcache-loads,,8244359,,,,,,,,,,,,,,,,,,,,,,,,,,,,,,,,,,,,,,,,,,,,,
9277400,,L1-dcache-load-misses,,thread=1,,,,,,,,,,,,,,,,,,,,,,,,,,,,,,,,,,,,,,,,,,,,,
thread=1,func=slow_e,ht=0,,# started on Mon Oct 20 16:44:45 2014,,,,,245780,,272212437,561538716,,,,,,,,,,,,,,,,,,,,,,,,,,,,,,,,,,,,,
# started on Mon Oct 20 16:44:55 2014,,,,11450467077,,,,,8205560,,3240742020,7104267588,,,,,,,,,,,,,,,,,,,,,,,,,,,,,,,,,,,,,
9315735383,,cycles,,6572122867,,,,,8244359,,4009959950,6065126933,,,,,,,,,,,,,,,,,,,,,,,,,,,,,,,,,,,,,
7070183972,,instructions,,<not supported>,,,,,8568789,,11450467077,6572122867,,,,,,,,,,,,,,,,,,,,,,,,,,,,,,,,,,,,,
<not supported>,,L1-dcache-loads,,8568789,,,,,9277400,,29406559197,17089021979,,,,,,,,,,,,,,,,,,,,,,,,,,,,,,,,,,,,,
529753617,,L1-dcache-load-misses,,thread=1,,,,,529753617,,9315735383,7070183972,,,,,,,,,,,,,,,,,,,,,,,,,,,,,,,,,,,,,
thread=1,func=slow_f,ht=0,,# started on Mon Oct 20 16:44:48 2014,,,,,8151907,,1917511078,5062983309,,,,,,,,,,,,,,,,,,,,,,,,,,,,,,,,,,,,,
# started on Mon Oct 20 16:44:58 2014,,,,29406559197,,,,,,,,,,,,,,,,,,,,,,,,,,,,,,,,,,,,,,,,,,,,,
1917511078,,cycles,,17089021979,,,,,,,,,,,,,,,,,,,,,,,,,,,,,,,,,,,,,,,,,,,,,
5062983309,,instructions,,<not supported>,,,,,,,,,,,,,,,,,,,,,,,,,,,,,,,,,,,,,,,,,,,,,
<not supported>,,L1-dcache-loads,,9277400,,,,,,,,,,,,,,,,,,,,,,,,,,,,,,,,,,,,,,,,,,,,,
8151907,,L1-dcache-load-misses,,thread=1,,,,,,,,,,,,,,,,,,,,,,,,,,,,,,,,,,,,,,,,,,,,,
thread=2,func=fast,ht=0,,# started on Mon Oct 20 16:44:55 2014,,,,,,,,,,,,,,,,,,,,,,,,,,,,,,,,,,,,,,,,,,,,,
# started on Mon Oct 20 16:44:58 2014,,,,9315735383,,,,,,,,,,,,,,,,,,,,,,,,,,,,,,,,,,,,,,,,,,,,,
655138746,,cycles,,7070183972,,,,,,,,,,,,,,,,,,,,,,,,,,,,,,,,,,,,,,,,,,,,,
581879616,,instructions,,<not supported>,,,,,,,,,,,,,,,,,,,,,,,,,,,,,,,,,,,,,,,,,,,,,
<not supported>,,L1-dcache-loads,,529753617,,,,,,,,,,,,,,,,,,,,,,,,,,,,,,,,,,,,,,,,,,,,,
264414,,L1-dcache-load-misses,,thread=1,,,,,,,,,,,,,,,,,,,,,,,,,,,,,,,,,,,,,,,,,,,,,
thread=2,func=slow_a,ht=0,,# started on Mon Oct 20 16:44:58 2014,,,,,,,,,,,,,,,,,,,,,,,,,,,,,,,,,,,,,,,,,,,,,
# started on Mon Oct 20 16:44:59 2014,,,,1917511078,,,,,,,,,,,,,,,,,,,,,,,,,,,,,,,,,,,,,,,,,,,,,
3634628269,,cycles,,5062983309,,,,,,,,,,,,,,,,,,,,,,,,,,,,,,,,,,,,,,,,,,,,,
7124944038,,instructions,,<not supported>,,,,,,,,,,,,,,,,,,,,,,,,,,,,,,,,,,,,,,,,,,,,,
<not supported>,,L1-dcache-loads,,8151907,,,,,,,,,,,,,,,,,,,,,,,,,,,,,,,,,,,,,,,,,,,,,
8268404,,L1-dcache-load-misses,,,,,3634628269,,,,,,,,,,,,,,,,,,,,,,,,,,,,,,,,,,,,,,,,,,
thread=2,func=slow_b,ht=0,,,,,7124944038,,,,,,,,,,,,,,,,,,,,,,,,,,,,,,,,,,,,,,,,,,
# started on Mon Oct 20 16:44:59 2014,,,,,,,<not supported>,,,,,,,,,,,,,,,,,,,,,,,,,,,,,,,,,,,,,,,,,,
13433277768,,cycles,,,,,8268404,,,,,,,,,,,,,,,,,,,,,,,,,,,,,,,,,,,,,,,,,,
6094608777,,instructions,,,,,thread=2,,,,,,,,,,,,,,,,,,,,,,,,,,,,,,,,,,,,,,,,,,
<not supported>,,L1-dcache-loads,,,,,# started on Mon Oct 20 16:44:59 2014,,,,,,,,,,,,,,,,,,,,,,,,,,,,,,,,,,,,,,,,,,
185149100,,L1-dcache-load-misses,,,,,13433277768,,,,8268404,,3634628269,7124944038,,,,,,,,,,,,,,,,,,,,,,,,,,,,,,,,,,,
thread=2,func=slow_c,ht=0,,,,,6094608777,,,,185149100,,13433277768,6094608777,,,,,,,,,,,,,,,,,,,,,,,,,,,,,,,,,,,
# started on Mon Oct 20 16:45:01 2014,,,,,,,<not supported>,,,,752286122,,110884424957,6681718518,,,,,,,,,,,,,,,,,,,,,,,,,,,,,,,,,,,
110884424957,,cycles,,,,,185149100,,,,2024944274,,225415055083,116036670484,,,,,,,,,,,,,,,,,,,,,,,,,,,,,,,,,,,
6681718518,,instructions,,,,,thread=2,,,,956199278,,17176638900,7097233285,,,,,,,,,,,,,,,,,,,,,,,,,,,,,,,,,,,
<not supported>,,L1-dcache-loads,,,,,# started on Mon Oct 20 16:45:01 2014,,,,8229812,,2295149869,5084871039,,,,,,,,,,,,,,,,,,,,,,,,,,,,,,,,,,,
752286122,,L1-dcache-load-misses,,,,,110884424957,,,,,,,,,,,,,,,,,,,,,,,,,,,,,,,,,,,,,,,,,,
thread=2,func=slow_d,ht=0,,,,,6681718518,,,,,,,,,,,,,,,,,,,,,,,,,,,,,,,,,,,,,,,,,,
# started on Mon Oct 20 16:45:15 2014,,,,,,,<not supported>,,,,,,,,,,,,,,,,,,,,,,,,,,,,,,,,,,,,,,,,,,
225415055083,,cycles,,,,,752286122,,,,,,,,,,,,,,,,,,,,,,,,,,,,,,,,,,,,,,,,,,
116036670484,,instructions,,,,,thread=2,,,,,,,,,,,,,,,,,,,,,,,,,,,,,,,,,,,,,,,,,,
<not supported>,,L1-dcache-loads,,,,,# started on Mon Oct 20 16:45:15 2014,,,,,,,,,,,,,,,,,,,,,,,,,,,,,,,,,,,,,,,,,,
2024944274,,L1-dcache-load-misses,,,,,,,,,,,,,,,,,,,,,,,,,,,,,,,,,,,,,,,,,,,,,,,
thread=2,func=slow_e,ht=0,,,,,116036670484,,,,,,,,,,,,,,,,,,,,,,,,,,,,,,,,,,,,,,,,,,
# started on Mon Oct 20 16:45:45 2014,,,,,,,<not supported>,,,,,,,,,,,,,,,,,,,,,,,,,,,,,,,,,,,,,,,,,,
17176638900,,cycles,,,,,2024944274,,,,,,,,,,,,,,,,,,,,,,,,,,,,,,,,,,,,,,,,,,
7097233285,,instructions,,,,,thread=2,,,,,,,,,,,,,,,,,,,,,,,,,,,,,,,,,,,,,,,,,,
<not supported>,,L1-dcache-loads,,,,,# started on Mon Oct 20 16:45:45 2014,,,,,,,,,,,,,,,,,,,,,,,,,,,,,,,,,,,,,,,,,,
956199278,,L1-dcache-load-misses,,,,,17176638900,,,,,,,,,,,,,,,,,,,,,,,,,,,,,,,,,,,,,,,,,,
thread=2,func=slow_f,ht=0,,,,,7097233285,,,,,,,,,,,,,,,,,,,,,,,,,,,,,,,,,,,,,,,,,,
# started on Mon Oct 20 16:45:47 2014,,,,,,,<not supported>,,,,,,,,,,,,,,,,,,,,,,,,,,,,,,,,,,,,,,,,,,
2295149869,,cycles,,,,,956199278,,,,,,,,,,,,,,,,,,,,,,,,,,,,,,,,,,,,,,,,,,
5084871039,,instructions,,,,,thread=2,,,,,,,,,,,,,,,,,,,,,,,,,,,,,,,,,,,,,,,,,,
<not supported>,,L1-dcache-loads,,,,,# started on Mon Oct 20 16:45:47 2014,,,,,,,,,,,,,,,,,,,,,,,,,,,,,,,,,,,,,,,,,,
8229812,,L1-dcache-load-misses,,,,,2295149869,,,,,,,,,,,,,,,,,,,,,,,,,,,,,,,,,,,,,,,,,,
thread=2,func=fast,ht=1,,,,,5084871039,,,,,,,,,,,,,,,,,,,,,,,,,,,,,,,,,,,,,,,,,,
# started on Mon Oct 20 16:45:48 2014,,,,,,,<not supported>,,,,,,,,,,,,,,,,,,,,,,,,,,,,,,,,,,,,,,,,,,
653725143,,cycles,,,,,8229812,,,,,,,,,,,,,,,,,,,,,,,,,,,,,,,,,,,,,,,,,,
581762414,,instructions,,,,,,,,,,,,,,,,,,,,,,,,,,,,,,,,,,,,,,,,,,,,,,,
<not supported>,,L1-dcache-loads,,,,,,,,,,,,,,,,,,,,,,,,,,,,,,,,,,,,,,,,,,,,,,,
262538,,L1-dcache-load-misses,,,,,,,,,,,,,,,,,,,,,,,,,,,,,,,,,,,,,,,,,,,,,,,
thread=2,func=slow_a,ht=1,,,,,,,,,,,,,,,,,,,,,,,,,,,,,,,,,,,,,,,,,,,,,,,
# started on Mon Oct 20 16:45:48 2014,,,,,,,,,,,,,,,,,,,,,,,,,,,,,,,,,,,,,,,,,,,,,,,,,
6146022175,,cycles,,,,thread=2,,,thread=2,# started on Mon Oct 20 16:45:48 2014,,,<not supported>,,thread=2,# started on Mon Oct 20 16:45:48 2014,,,<not supported>,,thread=2,# started on Mon Oct 20 16:45:49 2014,,,<not supported>,,thread=2,# started on Mon Oct 20 16:45:50 2014,,,<not supported>,,thread=2,# started on Mon Oct 20 16:45:53 2014,,,<not supported>,,thread=2,# started on Mon Oct 20 16:46:15 2014,,,<not supported>,,thread=2,# started on Mon Oct 20 16:46:17 2014,,,<not supported>
7127222578,,instructions,,,,# started on Mon Oct 20 16:45:48 2014,,,,,,,,,,,,,,,,,,,,,,,,,,,,,,,,,,,,,,,,,,,
<not supported>,,L1-dcache-loads,,,,653725143,,,,,,,,,,,,,,,,,,,,,,,,,,,,,,,,,,,,,,,,,,,
8330734,,L1-dcache-load-misses,,,,581762414,,,,,,,,,,,,,,,,,,,,,,,,,,,,,,,,,,,,,,,,,,,
thread=2,func=slow_b,ht=1,,,,<not supported>,,,,,,,,,,,,,,,,,,,,,,,,,,,,,,,,,,,,,,,,,,,
# started on Mon Oct 20 16:45:49 2014,,,,,,262538,,,,,,,,,,,,,,,,,,,,,,,,,,,,,,,,,,,,,,,,,,,
8647475406,,cycles,,,,thread=2,,,,,,,,,,,,,,,,,,,,,,,,,,,,,,,,,,,,,,,,,,,
6090147897,,instructions,,,,# started on Mon Oct 20 16:45:48 2014,,,,,,,,,,,,,,,,,,,,,,,,,,,,,,,,,,,,,,,,,,,
<not supported>,,L1-dcache-loads,,,,6146022175,,,,,,,,,,,,,,,,,,,,,,,,,,,,,,,,,,,,,,,,,,,
14309255,,L1-dcache-load-misses,,,,7127222578,,,,,,,,262538,,653725143,581762414,,,,,,,,,,,,,,,,,,,,,,,,,,,,,,,,
thread=2,func=slow_c,ht=1,,,,<not supported>,,,,,,,,8330734,,6146022175,7127222578,,,,,,,,,,,,,,,,,,,,,,,,,,,,,,,,
# started on Mon Oct 20 16:45:50 2014,,,,,,8330734,,,,,,,,14309255,,8647475406,6090147897,,,,,,,,,,,,,,,,,,,,,,,,,,,,,,,,
20544196317,,cycles,,,,thread=2,,,,,,,,8873785,,20544196317,6600607117,,,,,,,,,,,,,,,,,,,,,,,,,,,,,,,,
6600607117,,instructions,,,,# started on Mon Oct 20 16:45:49 2014,,,,,,,,12612982,,173424024473,125760845768,,,,,,,,,,,,,,,,,,,,,,,,,,,,,,,,
<not supported>,,L1-dcache-loads,,,,8647475406,,,,,,,,392481452,,12100785857,7093094451,,,,,,,,,,,,,,,,,,,,,,,,,,,,,,,,
8873785,,L1-dcache-load-misses,,,,6090147897,,,,,,,,8279590,,3301518369,5086134007,,,,,,,,,,,,,,,,,,,,,,,,,,,,,,,,
thread=2,func=slow_d,ht=1,,,,<not supported>,,,,,,,,,,,,,,,,,,,,,,,,,,,,,,,,,,,,,,,,,,,
# started on Mon Oct 20 16:45:53 2014,,,,,,14309255,,,,,,,,,,,,,,,,,,,,,,,,,,,,,,,,,,,,,,,,,,,
173424024473,,cycles,,,,thread=2,,,,,,,,,,,,,,,,,,,,,,,,,,,,,,,,,,,,,,,,,,,
125760845768,,instructions,,,,# started on Mon Oct 20 16:45:50 2014,,,,,,,,,,,,,,,,,,,,,,,,,,,,,,,,,,,,,,,,,,,
<not supported>,,L1-dcache-loads,,,,20544196317,,,,,,,,,,,,,,,,,,,,,,,,,,,,,,,,,,,,,,,,,,,
12612982,,L1-dcache-load-misses,,,,6600607117,,,,,,,,,,,,,,,,,,,,,,,,,,,,,,,,,,,,,,,,,,,
thread=2,func=slow_e,ht=1,,,,<not supported>,,,,,,,,,,,,,,,,,,,,,,,,,,,,,,,,,,,,,,,,,,,
# started on Mon Oct 20 16:46:15 2014,,,,,,8873785,,,,,,,,,,,,,,,,,,,,,,,,,,,,,,,,,,,,,,,,,,,
12100785857,,cycles,,,,thread=2,,,,,,,,,,,,,,,,,,,,,,,,,,,,,,,,,,,,,,,,,,,
7093094451,,instructions,,,,# started on Mon Oct 20 16:45:53 2014,,,,,,,,,,,,,,,,,,,,,,,,,,,,,,,,,,,,,,,,,,,
<not supported>,,L1-dcache-loads,,,,173424024473,,,,,,,,,,,,,,,,,,,,,,,,,,,,,,,,,,,,,,,,,,,
392481452,,L1-dcache-load-misses,,,,125760845768,,,,,,,,,,,,,,,,,,,,,,,,,,,,,,,,,,,,,,,,,,,
thread=2,func=slow_f,ht=1,,,,<not supported>,,,,,,,,,,,,,,,,,,,,,,,,,,,,,,,,,,,,,,,,,,,
# started on Mon Oct 20 16:46:17 2014,,,,,,12612982,,,,,,,,,,,,,,,,,,,,,,,,,,,,,,,,,,,,,,,,,,,
3301518369,,cycles,,,,thread=2,,,,,,,,,,,,,,,,,,,,,,,,,,,,,,,,,,,,,,,,,,,
5086134007,,instructions,,,,# started on Mon Oct 20 16:46:15 2014,,,,,,,,,,,,,,,,,,,,,,,,,,,,,,,,,,,,,,,,,,,
<not supported>,,L1-dcache-loads,,,,12100785857,,,,,,,,,,,,,,,,,,,,,,,,,,,,,,,,,,,,,,,,,,,
8279590,,L1-dcache-load-misses,,,,7093094451,,,,,,,,,,,,,,,,,,,,,,,,,,,,,,,,,,,,,,,,,,,
,,,,,,<not supported>,,,,,,,,,,,,,,,,,,,,,,,,,,,,,,,,,,,,,,,,,,,
,,,,,,392481452,,,,,,,,,,,,,,,,,,,,,,,,,,,,,,,,,,,,,,,,,,,
,,,,,,thread=2,,,,,,,,,,,,,,,,,,,,,,,,,,,,,,,,,,,,,,,,,,,
,,,,,,# started on Mon Oct 20 16:46:17 2014,,,,,,,,,,,,,,,,,,,,,,,,,,,,,,,,,,,,,,,,,,,
,,,,,,3301518369,,,,,,,,,,,,,,,,,,,,,,,,,,,,,,,,,,,,,,,,,,,
,,,,,,5086134007,,,,,,,,,,,,,,,,,,,,,,,,,,,,,,,,,,,,,,,,,,,
,,,,,,<not supported>,,,,,,,,,,,,,,,,,,,,,,,,,,,,,,,,,,,,,,,,,,,
,,,,,,8279590,,,,,,,,,,,,,,,,,,,,,,,,,,,,,,,,,,,,,,,,,,,
