thread=1,func=fast,ht=0,,,,,,,,,,
# started on Fri Oct 31 13:37:54 2014,,,,,,,,,,,,
1927987268,,cycles,,,,,,,,,,
5063543973,,instructions,,,,,,,,,,
<not supported>,,L1-dcache-loads,,,,,,,,,,
8184683,,L1-dcache-load-misses,,,,,,,,,,
thread=1,func=slow_a,ht=0,,,,,,,,,,
# started on Fri Oct 31 13:37:54 2014,,,,,,,,,,,,
3242727952,,cycles,,,,,,,,,,
7104371987,,instructions,,,,,,,,,,
<not supported>,,L1-dcache-loads,,,,,,,,,,
8231001,,L1-dcache-load-misses,,,,,,,,,,
thread=1,func=slow_b,ht=0,,,,1927987268,,,8184683,,1927987268,5063543973
# started on Fri Oct 31 13:37:55 2014,,,,,,5063543973,,,8231001,,3242727952,7104371987
3975119132,,cycles,,,,<not supported>,,,8257268,,3975119132,6065025494
6065025494,,instructions,,,,8184683,,,8555782,,11405870171,6572057631
<not supported>,,L1-dcache-loads,,,,thread=1,,,9237412,,29385678630,17089205652
8257268,,L1-dcache-load-misses,,,,# started on Fri Oct 31 13:37:54 2014,,,531272279,,9435014712,7070287404
thread=1,func=slow_c,ht=0,,,,3242727952,,,8173666,,1915217091,5063126974
# started on Fri Oct 31 13:37:56 2014,,,,,,7104371987,,,,,,
11405870171,,cycles,,,,<not supported>,,,,,,
6572057631,,instructions,,,,8231001,,,,,,
<not supported>,,L1-dcache-loads,,,,thread=1,,,,,,
8555782,,L1-dcache-load-misses,,,,# started on Fri Oct 31 13:37:55 2014,,,,,,
thread=1,func=slow_d,ht=0,,,,3975119132,,,,,,
# started on Fri Oct 31 13:37:59 2014,,,,,,6065025494,,,,,,
29385678630,,cycles,,,,<not supported>,,,,,,
17089205652,,instructions,,,,8257268,,,,,,
<not supported>,,L1-dcache-loads,,,,thread=1,,,,,,
9237412,,L1-dcache-load-misses,,,,# started on Fri Oct 31 13:37:56 2014,,,,,,
thread=1,func=slow_e,ht=0,,,,11405870171,,,,,,
# started on Fri Oct 31 13:38:07 2014,,,,,,6572057631,,,,,,
9435014712,,cycles,,,,<not supported>,,,,,,
7070287404,,instructions,,,,8555782,,,,,,
<not supported>,,L1-dcache-loads,,,,thread=1,,,,,,
531272279,,L1-dcache-load-misses,,,,# started on Fri Oct 31 13:37:59 2014,,,,,,
thread=1,func=slow_f,ht=0,,,,29385678630,,,,,,
# started on Fri Oct 31 13:38:09 2014,,,,,,17089205652,,,,,,
1915217091,,cycles,,,,<not supported>,,,,,,
5063126974,,instructions,,,,9237412,,,,,,
<not supported>,,L1-dcache-loads,,,,thread=1,,,,,,
8173666,,L1-dcache-load-misses,,,,# started on Fri Oct 31 13:38:07 2014,,,,,,
thread=2,func=fast,ht=0,,,,9435014712,,,,,,
# started on Fri Oct 31 13:38:10 2014,,,,,,7070287404,,,,,,
2313628135,,cycles,,,,<not supported>,,,,,,
5085150969,,instructions,,,,531272279,,,,,,
<not supported>,,L1-dcache-loads,,,,thread=1,,,,,,
8265220,,L1-dcache-load-misses,,,,# started on Fri Oct 31 13:38:09 2014,,,,,,
thread=2,func=slow_a,ht=0,,,,1915217091,,,,,,
# started on Fri Oct 31 13:38:10 2014,,,,,,5063126974,,,,,,
3628048848,,cycles,,,,<not supported>,,,,,,
7125291347,,instructions,,,,8173666,,,,,,
<not supported>,,L1-dcache-loads,,,,,,,,,,
8300094,,L1-dcache-load-misses,,,,,,,,,,
thread=2,func=slow_b,ht=0,,,,,,,,,,
# started on Fri Oct 31 13:38:11 2014,,,,,,,,,,,,
13036233575,,cycles,,,,,,,,,,
6094661053,,instructions,,,,,,,,,,
<not supported>,,L1-dcache-loads,,,,,,,,,,
170694447,,L1-dcache-load-misses,,,,,,,,,,
thread=2,func=slow_c,ht=0,,,,,,,,,,
# started on Fri Oct 31 13:38:13 2014,,,,,,,,,,,,
79968295238,,cycles,,,,,,,,,,
6654093376,,instructions,,,,,,,,,,
<not supported>,,L1-dcache-loads,,,,,,,,,,
640811858,,L1-dcache-load-misses,,,,,,,,,,
thread=2,func=slow_d,ht=0,,,,,,,,,,
# started on Fri Oct 31 13:38:24 2014,,,,,,,,,,,,
233805353294,,cycles,,,,,,,,,,
118946819206,,instructions,,,,,,,,,,
<not supported>,,L1-dcache-loads,,,,,,,,,,
2040924076,,L1-dcache-load-misses,,,,,,,,,,
thread=2,func=slow_e,ht=0,,,,,,,,,,
# started on Fri Oct 31 13:38:55 2014,,,,,,,,,,,,
16080575717,,cycles,,,,,,,,,,
7096258774,,instructions,,,,,,,,,,
<not supported>,,L1-dcache-loads,,,,,,,,,,
911075695,,L1-dcache-load-misses,,,,,,,,,,
thread=2,func=slow_f,ht=0,,,,,,,,,,
# started on Fri Oct 31 13:38:57 2014,,,,,,,,,,,,
2296289951,,cycles,,,,,,,,,,
5084984081,,instructions,,,,,,,,,,
<not supported>,,L1-dcache-loads,,,,,,,,,,
8257731,,L1-dcache-load-misses,,,,,,,,,,
thread=2,func=fast,ht=1,,,,,,,,,,
# started on Fri Oct 31 13:38:57 2014,,,,,,,,,,,,
3370553974,,cycles,,,,,,,,,,
5086113619,,instructions,,,,,,,,,,
<not supported>,,L1-dcache-loads,,,,,,,,,,
8283951,,L1-dcache-load-misses,,,,,,,,,,
thread=2,func=slow_a,ht=1,,,,,,,,,,
# started on Fri Oct 31 13:38:58 2014,,,,,,,,,,,,
6324264884,,cycles,,,,,,,,,,
7127518775,,instructions,,,,,,,,,,
<not supported>,,L1-dcache-loads,,,,,,,,,,
8354112,,L1-dcache-load-misses,,,,,,,,,,
thread=2,func=slow_b,ht=1,,,,,,,,,,
# started on Fri Oct 31 13:38:59 2014,,,,,,,,,,,,
8615900095,,cycles,,,,,,,,,,
6090759905,,instructions,,,,,,,,,,
<not supported>,,L1-dcache-loads,,,,,,,,,,
14821404,,L1-dcache-load-misses,,,,,,,,,,
thread=2,func=slow_c,ht=1,,,,,,,,,,
# started on Fri Oct 31 13:39:00 2014,,,,,,,,,,,,
29810704966,,cycles,,,,,,,,,,
6610345649,,instructions,,,,,,,,,,
<not supported>,,L1-dcache-loads,,,,,,,,,,
9228356,,L1-dcache-load-misses,,,,,,,,,,
thread=2,func=slow_d,ht=1,,,,,,,,,,
# started on Fri Oct 31 13:39:04 2014,,,,,,,,,,,,
164770167805,,cycles,,,,,,,,,,
122222874030,,instructions,,,,,,,,,,
<not supported>,,L1-dcache-loads,,,,,,,,,,
12541706,,L1-dcache-load-misses,,,,,,,,,,
thread=2,func=slow_e,ht=1,,,,,,,,,,
# started on Fri Oct 31 13:39:26 2014,,,,,,,,,,,,
12685892216,,cycles,,,,,,,,,,
7095368767,,instructions,,,,,,,,,,
<not supported>,,L1-dcache-loads,,,,,,,,,,
394596664,,L1-dcache-load-misses,,,,,,,,,,
thread=2,func=slow_f,ht=1,,,,,,,,,,
# started on Fri Oct 31 13:39:27 2014,,,,,,,,,,,,
3297752176,,cycles,,,,,,,,,,
5085953300,,instructions,,,,,,,,,,
<not supported>,,L1-dcache-loads,,,,,,,,,,
8280108,,L1-dcache-load-misses,,,,,,,,,,
